interpretation( 5, [number = 1,seconds = 0], [
    function(Beer, [3]),
    function(Birds, [2]),
    function(Blends, [1]),
    function(Blue, [1]),
    function(Blue_Master, [3]),
    function(Brit, [2]),
    function(Cats, [0]),
    function(Coffee, [4]),
    function(Dane, [1]),
    function(Dogs, [3]),
    function(Dunhill, [0]),
    function(German, [4]),
    function(Green, [4]),
    function(Horses, [1]),
    function(Milk, [2]),
    function(Norwegian, [0]),
    function(Pall_Mall, [2]),
    function(Prince, [4]),
    function(Red, [2]),
    function(Swede, [3]),
    function(Tea, [1]),
    function(Water, [0]),
    function(White, [3]),
    function(Yellow, [0]),
    relation(first(_), [1,0,0,0,0]),
    relation(middle(_), [0,0,1,0,0]),
    relation(left_neighbor(_,_), [0,0,0,0,0,1,0,0,0,0,0,1,0,0,0,0,0,1,0,0,0,0,0,1,0]),
    relation(neighbors(_,_), [0,1,0,0,0,1,0,1,0,0,0,1,0,1,0,0,0,1,0,1,0,0,0,1,0]),
    relation(right_neighbor(_,_), [0,1,0,0,0,0,0,1,0,0,0,0,0,1,0,0,0,0,0,1,0,0,0,0,0]),
    function(Fish, [4])]).
