interpretation( 4, [number = 1,seconds = 0], [
    function($nil, [0]),
    function($cons(_,_), [0,0,0,0,0,0,0,0,0,0,0,0,0,0,0,0]),
    function(Aphrodite, [3]),
    function(Ares, [0]),
    function(Friday, [0]),
    function(Hermes, [1]),
    function(Jupiter, [2]),
    function(Mercury, [1]),
    function(Poetry, [1]),
    function(Thunder, [2]),
    function(Tuesday, [2]),
    function(Venus, [3]),
    function(War, [0]),
    function(Wednesday, [1]),
    function(Zeus, [2]),
    relation(group(_,_), [1,0,0,0,0,0,0,0,0,0,0,0,0,0,0,0]),
    function(Love, [3]),
    function(Mars, [0]),
    function(Thursday, [3])]).
